# JRE version: Java(TM) SE Runtime Environment (8.0_221-b11) (build 1.8.0_221-b11)
# Java VM: Java HotSpot(TM) 64-Bit Server VM (25.221-b11 mixed mode windows-amd64 compressed oops)
Heap:
 PSYoungGen      total 109056K, used 15287K [0x00000000f5580000, 0x00000000feb80000, 0x0000000100000000)
  eden space 99840K, 8% used [0x00000000f5580000,0x00000000f5d96cb0,0x00000000fb700000)
  from space 9216K, 75% used [0x00000000fc080000,0x00000000fc757038,0x00000000fc980000)
  to   space 9728K, 0% used [0x00000000fb700000,0x00000000fb700000,0x00000000fc080000)
 ParOldGen       total 88064K, used 10172K [0x00000000e0000000, 0x00000000e5600000, 0x00000000f5580000)
  object space 88064K, 11% used [0x00000000e0000000,0x00000000e09ef128,0x00000000e5600000)
 Metaspace       used 29843K, capacity 30744K, committed 30896K, reserved 1077248K
  class space    used 3456K, capacity 3708K, committed 3760K, reserved 1048576K
GC Heap History (10 events):
Event: 5.540 GC heap before
{Heap before GC invocations=7 (full 1):
 PSYoungGen      total 56832K, used 52960K [0x00000000f5580000, 0x00000000faa00000, 0x0000000100000000)
  eden space 49152K, 100% used [0x00000000f5580000,0x00000000f8580000,0x00000000f8580000)
  from space 7680K, 49% used [0x00000000f8580000,0x00000000f8938000,0x00000000f8d00000)
  to   space 9728K, 0% used [0x00000000fa080000,0x00000000fa080000,0x00000000faa00000)
 ParOldGen       total 88064K, used 6936K [0x00000000e0000000, 0x00000000e5600000, 0x00000000f5580000)
  object space 88064K, 7% used [0x00000000e0000000,0x00000000e06c6098,0x00000000e5600000)
 Metaspace       used 24695K, capacity 25348K, committed 25648K, reserved 1071104K
  class space    used 2842K, capacity 3032K, committed 3120K, reserved 1048576K
Event: 5.558 GC heap after
Heap after GC invocations=7 (full 1):
 PSYoungGen      total 76800K, used 4471K [0x00000000f5580000, 0x00000000fb300000, 0x0000000100000000)
  eden space 67072K, 0% used [0x00000000f5580000,0x00000000f5580000,0x00000000f9700000)
  from space 9728K, 45% used [0x00000000fa080000,0x00000000fa4ddeb8,0x00000000faa00000)
  to   space 9728K, 0% used [0x00000000f9700000,0x00000000f9700000,0x00000000fa080000)
 ParOldGen       total 88064K, used 6955K [0x00000000e0000000, 0x00000000e5600000, 0x00000000f5580000)
  object space 88064K, 7% used [0x00000000e0000000,0x00000000e06cacc8,0x00000000e5600000)
 Metaspace       used 24695K, capacity 25348K, committed 25648K, reserved 1071104K
  class space    used 2842K, capacity 3032K, committed 3120K, reserved 1048576K
}
Event: 7.054 GC heap before
{Heap before GC invocations=8 (full 1):
 PSYoungGen      total 76800K, used 71543K [0x00000000f5580000, 0x00000000fb300000, 0x0000000100000000)
  eden space 67072K, 100% used [0x00000000f5580000,0x00000000f9700000,0x00000000f9700000)
  from space 9728K, 45% used [0x00000000fa080000,0x00000000fa4ddeb8,0x00000000faa00000)
  to   space 9728K, 0% used [0x00000000f9700000,0x00000000f9700000,0x00000000fa080000)
 ParOldGen       total 88064K, used 6955K [0x00000000e0000000, 0x00000000e5600000, 0x00000000f5580000)
  object space 88064K, 7% used [0x00000000e0000000,0x00000000e06cacc8,0x00000000e5600000)
 Metaspace       used 26129K, capacity 26876K, committed 27056K, reserved 1073152K
  class space    used 2994K, capacity 3208K, committed 3248K, reserved 1048576K
Event: 7.061 GC heap after
Heap after GC invocations=8 (full 1):
 PSYoungGen      total 76800K, used 5837K [0x00000000f5580000, 0x00000000fc980000, 0x0000000100000000)
  eden space 67072K, 0% used [0x00000000f5580000,0x00000000f5580000,0x00000000f9700000)
  from space 9728K, 60% used [0x00000000f9700000,0x00000000f9cb3418,0x00000000fa080000)
  to   space 9216K, 0% used [0x00000000fc080000,0x00000000fc080000,0x00000000fc980000)
 ParOldGen       total 88064K, used 6963K [0x00000000e0000000, 0x00000000e5600000, 0x00000000f5580000)
  object space 88064K, 7% used [0x00000000e0000000,0x00000000e06cccc8,0x00000000e5600000)
 Metaspace       used 26129K, capacity 26876K, committed 27056K, reserved 1073152K
  class space    used 2994K, capacity 3208K, committed 3248K, reserved 1048576K
}
Event: 7.537 GC heap before
{Heap before GC invocations=9 (full 1):
 PSYoungGen      total 76800K, used 72909K [0x00000000f5580000, 0x00000000fc980000, 0x0000000100000000)
  eden space 67072K, 100% used [0x00000000f5580000,0x00000000f9700000,0x00000000f9700000)
  from space 9728K, 60% used [0x00000000f9700000,0x00000000f9cb3418,0x00000000fa080000)
  to   space 9216K, 0% used [0x00000000fc080000,0x00000000fc080000,0x00000000fc980000)
 ParOldGen       total 88064K, used 6963K [0x00000000e0000000, 0x00000000e5600000, 0x00000000f5580000)
  object space 88064K, 7% used [0x00000000e0000000,0x00000000e06cccc8,0x00000000e5600000)
 Metaspace       used 28166K, capacity 28878K, committed 29104K, reserved 1075200K
  class space    used 3285K, capacity 3467K, committed 3504K, reserved 1048576K
Event: 7.547 GC heap after
Heap after GC invocations=9 (full 1):
 PSYoungGen      total 109568K, used 6769K [0x00000000f5580000, 0x00000000fcb80000, 0x0000000100000000)
  eden space 100352K, 0% used [0x00000000f5580000,0x00000000f5580000,0x00000000fb780000)
  from space 9216K, 73% used [0x00000000fc080000,0x00000000fc71c7f0,0x00000000fc980000)
  to   space 9216K, 0% used [0x00000000fb780000,0x00000000fb780000,0x00000000fc080000)
 ParOldGen       total 88064K, used 6971K [0x00000000e0000000, 0x00000000e5600000, 0x00000000f5580000)
  object space 88064K, 7% used [0x00000000e0000000,0x00000000e06cecc8,0x00000000e5600000)
 Metaspace       used 28166K, capacity 28878K, committed 29104K, reserved 1075200K
  class space    used 3285K, capacity 3467K, committed 3504K, reserved 1048576K
}
Event: 8.433 GC heap before
{Heap before GC invocations=10 (full 1):
 PSYoungGen      total 109568K, used 107121K [0x00000000f5580000, 0x00000000fcb80000, 0x0000000100000000)
  eden space 100352K, 100% used [0x00000000f5580000,0x00000000fb780000,0x00000000fb780000)
  from space 9216K, 73% used [0x00000000fc080000,0x00000000fc71c7f0,0x00000000fc980000)
  to   space 9216K, 0% used [0x00000000fb780000,0x00000000fb780000,0x00000000fc080000)
 ParOldGen       total 88064K, used 6971K [0x00000000e0000000, 0x00000000e5600000, 0x00000000f5580000)
  object space 88064K, 7% used [0x00000000e0000000,0x00000000e06cecc8,0x00000000e5600000)
 Metaspace       used 29135K, capacity 29966K, committed 30128K, reserved 1075200K
  class space    used 3387K, capacity 3641K, committed 3760K, reserved 1048576K
Event: 8.449 GC heap after
Heap after GC invocations=10 (full 1):
 PSYoungGen      total 109568K, used 9022K [0x00000000f5580000, 0x00000000fcb80000, 0x0000000100000000)
  eden space 100352K, 0% used [0x00000000f5580000,0x00000000f5580000,0x00000000fb780000)
  from space 9216K, 97% used [0x00000000fb780000,0x00000000fc04f8a8,0x00000000fc080000)
  to   space 9216K, 0% used [0x00000000fc080000,0x00000000fc080000,0x00000000fc980000)
 ParOldGen       total 88064K, used 6979K [0x00000000e0000000, 0x00000000e5600000, 0x00000000f5580000)
  object space 88064K, 7% used [0x00000000e0000000,0x00000000e06d0cc8,0x00000000e5600000)
 Metaspace       used 29135K, capacity 29966K, committed 30128K, reserved 1075200K
  class space    used 3387K, capacity 3641K, committed 3760K, reserved 1048576K
}
Event: 9.366 GC heap before
{Heap before GC invocations=11 (full 1):
 PSYoungGen      total 109568K, used 109374K [0x00000000f5580000, 0x00000000fcb80000, 0x0000000100000000)
  eden space 100352K, 100% used [0x00000000f5580000,0x00000000fb780000,0x00000000fb780000)
  from space 9216K, 97% used [0x00000000fb780000,0x00000000fc04f8a8,0x00000000fc080000)
  to   space 9216K, 0% used [0x00000000fc080000,0x00000000fc080000,0x00000000fc980000)
 ParOldGen       total 88064K, used 6979K [0x00000000e0000000, 0x00000000e5600000, 0x00000000f5580000)
  object space 88064K, 7% used [0x00000000e0000000,0x00000000e06d0cc8,0x00000000e5600000)
 Metaspace       used 29601K, capacity 30516K, committed 30640K, reserved 1077248K
  class space    used 3422K, capacity 3674K, committed 3760K, reserved 1048576K
Event: 9.385 GC heap after
Heap after GC invocations=11 (full 1):
 PSYoungGen      total 109056K, used 7004K [0x00000000f5580000, 0x00000000feb80000, 0x0000000100000000)
  eden space 99840K, 0% used [0x00000000f5580000,0x00000000f5580000,0x00000000fb700000)
  from space 9216K, 75% used [0x00000000fc080000,0x00000000fc757038,0x00000000fc980000)
  to   space 9728K, 0% used [0x00000000fb700000,0x00000000fb700000,0x00000000fc080000)
 ParOldGen       total 88064K, used 10172K [0x00000000e0000000, 0x00000000e5600000, 0x00000000f5580000)
  object space 88064K, 11% used [0x00000000e0000000,0x00000000e09ef128,0x00000000e5600000)
 Metaspace       used 29601K, capacity 30516K, committed 30640K, reserved 1077248K
  class space    used 3422K, capacity 3674K, committed 3760K, reserved 1048576K
}

